96.12.14 23:02 B X:\FILECITY BACKUP\midi\christmas\12_days_of_christmas.mid --> ftp.im3.com /c:/inetpub/wwwroot/filecity/downloads/midi/christmas 12_days_of_christmas.mid
96.12.14 23:02 B X:\FILECITY BACKUP\midi\christmas\a_merry_little_christmas.mid --> ftp.im3.com /c:/inetpub/wwwroot/filecity/downloads/midi/christmas a_merry_little_christmas.mid
96.12.14 23:02 B X:\FILECITY BACKUP\midi\christmas\away_in_a_manger.mid --> ftp.im3.com /c:/inetpub/wwwroot/filecity/downloads/midi/christmas away_in_a_manger.mid
96.12.14 23:02 B X:\FILECITY BACKUP\midi\christmas\chestnuts_roasting_on_an_open_fire.mid --> ftp.im3.com /c:/inetpub/wwwroot/filecity/downloads/midi/christmas chestnuts_roasting_on_an_open_fire.mid
96.12.14 23:02 B X:\FILECITY BACKUP\midi\christmas\chipmunks_christmas.mid --> ftp.im3.com /c:/inetpub/wwwroot/filecity/downloads/midi/christmas chipmunks_christmas.mid
96.12.14 23:02 B X:\FILECITY BACKUP\midi\christmas\christmas_melody.mid --> ftp.im3.com /c:/inetpub/wwwroot/filecity/downloads/midi/christmas christmas_melody.mid
96.12.14 23:03 B X:\FILECITY BACKUP\midi\christmas\christmas_rhapsody.mid --> ftp.im3.com /c:/inetpub/wwwroot/filecity/downloads/midi/christmas christmas_rhapsody.mid
96.12.14 23:03 B X:\FILECITY BACKUP\midi\christmas\dance_of_the_sugar_plum_fairies.mid --> ftp.im3.com /c:/inetpub/wwwroot/filecity/downloads/midi/christmas dance_of_the_sugar_plum_fairies.mid
96.12.14 23:03 B X:\FILECITY BACKUP\midi\christmas\deck_the_halls.mid --> ftp.im3.com /c:/inetpub/wwwroot/filecity/downloads/midi/christmas deck_the_halls.mid
96.12.14 23:03 B X:\FILECITY BACKUP\midi\christmas\do_you_hear_what_i_hear.mid --> ftp.im3.com /c:/inetpub/wwwroot/filecity/downloads/midi/christmas do_you_hear_what_i_hear.mid
96.12.14 23:03 B X:\FILECITY BACKUP\midi\christmas\first_noel.mid --> ftp.im3.com /c:/inetpub/wwwroot/filecity/downloads/midi/christmas first_noel.mid
96.12.14 23:03 B X:\FILECITY BACKUP\midi\christmas\frosty_the_snowman.mid --> ftp.im3.com /c:/inetpub/wwwroot/filecity/downloads/midi/christmas frosty_the_snowman.mid
96.12.14 23:03 B X:\FILECITY BACKUP\midi\christmas\granma's_christmas.mid --> ftp.im3.com /c:/inetpub/wwwroot/filecity/downloads/midi/christmas granma's_christmas.mid
96.12.14 23:04 B X:\FILECITY BACKUP\midi\christmas\greensleeves.mid --> ftp.im3.com /c:/inetpub/wwwroot/filecity/downloads/midi/christmas greensleeves.mid
96.12.14 23:04 B X:\FILECITY BACKUP\midi\christmas\hark_the_herald_angels_sing.mid --> ftp.im3.com /c:/inetpub/wwwroot/filecity/downloads/midi/christmas hark_the_herald_angels_sing.mid
96.12.14 23:04 B X:\FILECITY BACKUP\midi\christmas\have_yourself_a_merry_little_christmas.mid --> ftp.im3.com /c:/inetpub/wwwroot/filecity/downloads/midi/christmas have_yourself_a_merry_little_christmas.mid
96.12.14 23:04 B X:\FILECITY BACKUP\midi\christmas\here_comes_santa_clause.mid --> ftp.im3.com /c:/inetpub/wwwroot/filecity/downloads/midi/christmas here_comes_santa_clause.mid
96.12.14 23:04 B X:\FILECITY BACKUP\midi\christmas\here_we_come_a_wasseling.mid --> ftp.im3.com /c:/inetpub/wwwroot/filecity/downloads/midi/christmas here_we_come_a_wasseling.mid
96.12.14 23:04 B X:\FILECITY BACKUP\midi\christmas\holy_joly_christmas.mid --> ftp.im3.com /c:/inetpub/wwwroot/filecity/downloads/midi/christmas holy_joly_christmas.mid
96.12.14 23:04 B X:\FILECITY BACKUP\midi\christmas\holy_night.mid --> ftp.im3.com /c:/inetpub/wwwroot/filecity/downloads/midi/christmas holy_night.mid
96.12.14 23:04 B X:\FILECITY BACKUP\midi\christmas\i'll_be_home_for_christmas.mid --> ftp.im3.com /c:/inetpub/wwwroot/filecity/downloads/midi/christmas i'll_be_home_for_christmas.mid
96.12.14 23:08 B X:\FILECITY BACKUP\midi\christmas\12_days_of_christmas.mid --> ftp.im3.com /c:/inetpub/wwwroot/filecity/downloads/midi/christmas 12_days_of_christmas.mid
96.12.14 23:08 B X:\FILECITY BACKUP\midi\christmas\a_merry_little_christmas.mid --> ftp.im3.com /c:/inetpub/wwwroot/filecity/downloads/midi/christmas a_merry_little_christmas.mid
96.12.14 23:08 B X:\FILECITY BACKUP\midi\christmas\away_in_a_manger.mid --> ftp.im3.com /c:/inetpub/wwwroot/filecity/downloads/midi/christmas away_in_a_manger.mid
96.12.14 23:08 B X:\FILECITY BACKUP\midi\christmas\chestnuts_roasting_on_an_open_fire.mid --> ftp.im3.com /c:/inetpub/wwwroot/filecity/downloads/midi/christmas chestnuts_roasting_on_an_open_fire.mid
96.12.14 23:08 B X:\FILECITY BACKUP\midi\christmas\chipmunks_christmas.mid --> ftp.im3.com /c:/inetpub/wwwroot/filecity/downloads/midi/christmas chipmunks_christmas.mid
96.12.14 23:08 B X:\FILECITY BACKUP\midi\christmas\christmas_melody.mid --> ftp.im3.com /c:/inetpub/wwwroot/filecity/downloads/midi/christmas christmas_melody.mid
96.12.14 23:09 B X:\FILECITY BACKUP\midi\christmas\christmas_rhapsody.mid --> ftp.im3.com /c:/inetpub/wwwroot/filecity/downloads/midi/christmas christmas_rhapsody.mid
96.12.14 23:09 B X:\FILECITY BACKUP\midi\christmas\dance_of_the_sugar_plum_fairies.mid --> ftp.im3.com /c:/inetpub/wwwroot/filecity/downloads/midi/christmas dance_of_the_sugar_plum_fairies.mid
96.12.14 23:09 B X:\FILECITY BACKUP\midi\christmas\deck_the_halls.mid --> ftp.im3.com /c:/inetpub/wwwroot/filecity/downloads/midi/christmas deck_the_halls.mid
96.12.14 23:09 B X:\FILECITY BACKUP\midi\christmas\do_you_hear_what_i_hear.mid --> ftp.im3.com /c:/inetpub/wwwroot/filecity/downloads/midi/christmas do_you_hear_what_i_hear.mid
96.12.14 23:09 B X:\FILECITY BACKUP\midi\christmas\first_noel.mid --> ftp.im3.com /c:/inetpub/wwwroot/filecity/downloads/midi/christmas first_noel.mid
96.12.14 23:09 B X:\FILECITY BACKUP\midi\christmas\frosty_the_snowman.mid --> ftp.im3.com /c:/inetpub/wwwroot/filecity/downloads/midi/christmas frosty_the_snowman.mid
96.12.14 23:09 B X:\FILECITY BACKUP\midi\christmas\granma's_christmas.mid --> ftp.im3.com /c:/inetpub/wwwroot/filecity/downloads/midi/christmas granma's_christmas.mid
96.12.14 23:10 B X:\FILECITY BACKUP\midi\christmas\greensleeves.mid --> ftp.im3.com /c:/inetpub/wwwroot/filecity/downloads/midi/christmas greensleeves.mid
96.12.14 23:10 B X:\FILECITY BACKUP\midi\christmas\hark_the_herald_angels_sing.mid --> ftp.im3.com /c:/inetpub/wwwroot/filecity/downloads/midi/christmas hark_the_herald_angels_sing.mid
96.12.14 23:10 B X:\FILECITY BACKUP\midi\christmas\have_yourself_a_merry_little_christmas.mid --> ftp.im3.com /c:/inetpub/wwwroot/filecity/downloads/midi/christmas have_yourself_a_merry_little_christmas.mid
96.12.14 23:10 B X:\FILECITY BACKUP\midi\christmas\here_comes_santa_clause.mid --> ftp.im3.com /c:/inetpub/wwwroot/filecity/downloads/midi/christmas here_comes_santa_clause.mid
96.12.14 23:10 B X:\FILECITY BACKUP\midi\christmas\here_we_come_a_wasseling.mid --> ftp.im3.com /c:/inetpub/wwwroot/filecity/downloads/midi/christmas here_we_come_a_wasseling.mid
96.12.14 23:10 B X:\FILECITY BACKUP\midi\christmas\holy_joly_christmas.mid --> ftp.im3.com /c:/inetpub/wwwroot/filecity/downloads/midi/christmas holy_joly_christmas.mid
96.12.14 23:10 B X:\FILECITY BACKUP\midi\christmas\holy_night.mid --> ftp.im3.com /c:/inetpub/wwwroot/filecity/downloads/midi/christmas holy_night.mid
96.12.14 23:10 B X:\FILECITY BACKUP\midi\christmas\i'll_be_home_for_christmas.mid --> ftp.im3.com /c:/inetpub/wwwroot/filecity/downloads/midi/christmas i'll_be_home_for_christmas.mid
96.12.14 23:10 B X:\FILECITY BACKUP\midi\christmas\i'm_dreaming_of_a_white_christmas.mid --> ftp.im3.com /c:/inetpub/wwwroot/filecity/downloads/midi/christmas i'm_dreaming_of_a_white_christmas.mid
96.12.14 23:10 B X:\FILECITY BACKUP\midi\christmas\i_heard_the_bells_on_christmas_day.mid --> ftp.im3.com /c:/inetpub/wwwroot/filecity/downloads/midi/christmas i_heard_the_bells_on_christmas_day.mid
96.12.14 23:11 B X:\FILECITY BACKUP\midi\christmas\it_came_upon_a_midnight_clear.mid --> ftp.im3.com /c:/inetpub/wwwroot/filecity/downloads/midi/christmas it_came_upon_a_midnight_clear.mid
96.12.14 23:11 B X:\FILECITY BACKUP\midi\christmas\its_beginning_to_look_a_lot_like_christmas.mid --> ftp.im3.com /c:/inetpub/wwwroot/filecity/downloads/midi/christmas its_beginning_to_look_a_lot_like_christmas.mid
96.12.14 23:11 B X:\FILECITY BACKUP\midi\christmas\jingle_bell_rock.mid --> ftp.im3.com /c:/inetpub/wwwroot/filecity/downloads/midi/christmas jingle_bell_rock.mid
96.12.14 23:11 B X:\FILECITY BACKUP\midi\christmas\jingle_bells.mid --> ftp.im3.com /c:/inetpub/wwwroot/filecity/downloads/midi/christmas jingle_bells.mid
96.12.14 23:11 B X:\FILECITY BACKUP\midi\christmas\jolly_old_saint_nicholas.mid --> ftp.im3.com /c:/inetpub/wwwroot/filecity/downloads/midi/christmas jolly_old_saint_nicholas.mid
96.12.14 23:11 B X:\FILECITY BACKUP\midi\christmas\joy_to_the_world.mid --> ftp.im3.com /c:/inetpub/wwwroot/filecity/downloads/midi/christmas joy_to_the_world.mid
96.12.14 23:11 B X:\FILECITY BACKUP\midi\christmas\let_it_snow.mid --> ftp.im3.com /c:/inetpub/wwwroot/filecity/downloads/midi/christmas let_it_snow.mid
96.12.14 23:11 B X:\FILECITY BACKUP\midi\christmas\little_drummer_boy.mid --> ftp.im3.com /c:/inetpub/wwwroot/filecity/downloads/midi/christmas little_drummer_boy.mid
96.12.14 23:11 B X:\FILECITY BACKUP\midi\christmas\march_of_the_toy_soldiers.mid --> ftp.im3.com /c:/inetpub/wwwroot/filecity/downloads/midi/christmas march_of_the_toy_soldiers.mid
96.12.14 23:12 B X:\FILECITY BACKUP\midi\christmas\oh_christmas_tree.mid --> ftp.im3.com /c:/inetpub/wwwroot/filecity/downloads/midi/christmas oh_christmas_tree.mid
96.12.14 23:12 B X:\FILECITY BACKUP\midi\christmas\oh_come_all_ye_faithful.mid --> ftp.im3.com /c:/inetpub/wwwroot/filecity/downloads/midi/christmas oh_come_all_ye_faithful.mid
96.12.14 23:12 B X:\FILECITY BACKUP\midi\christmas\oh_holy_night.mid --> ftp.im3.com /c:/inetpub/wwwroot/filecity/downloads/midi/christmas oh_holy_night.mid
96.12.14 23:12 B X:\FILECITY BACKUP\midi\christmas\oh_little_town_of_bethlehem.mid --> ftp.im3.com /c:/inetpub/wwwroot/filecity/downloads/midi/christmas oh_little_town_of_bethlehem.mid
96.12.14 23:12 B X:\FILECITY BACKUP\midi\christmas\rockin_around_the_christmas_tree.mid --> ftp.im3.com /c:/inetpub/wwwroot/filecity/downloads/midi/christmas rockin_around_the_christmas_tree.mid
96.12.14 23:12 B X:\FILECITY BACKUP\midi\christmas\rudolph_the_red_nosed_reindeer.mid --> ftp.im3.com /c:/inetpub/wwwroot/filecity/downloads/midi/christmas rudolph_the_red_nosed_reindeer.mid
96.12.14 23:12 B X:\FILECITY BACKUP\midi\christmas\santa_clause_is_coming_to_town.mid --> ftp.im3.com /c:/inetpub/wwwroot/filecity/downloads/midi/christmas santa_clause_is_coming_to_town.mid
96.12.14 23:12 B X:\FILECITY BACKUP\midi\christmas\silent_night.mid --> ftp.im3.com /c:/inetpub/wwwroot/filecity/downloads/midi/christmas silent_night.mid
96.12.14 23:12 B X:\FILECITY BACKUP\midi\christmas\silver_and_gold.mid --> ftp.im3.com /c:/inetpub/wwwroot/filecity/downloads/midi/christmas silver_and_gold.mid
96.12.14 23:12 B X:\FILECITY BACKUP\midi\christmas\silver_bells.mid --> ftp.im3.com /c:/inetpub/wwwroot/filecity/downloads/midi/christmas silver_bells.mid
96.12.14 23:13 B X:\FILECITY BACKUP\midi\christmas\walking_in_a_winter_wonderland.mid --> ftp.im3.com /c:/inetpub/wwwroot/filecity/downloads/midi/christmas walking_in_a_winter_wonderland.mid
96.12.14 23:13 B X:\FILECITY BACKUP\midi\christmas\we_three_kings.mid --> ftp.im3.com /c:/inetpub/wwwroot/filecity/downloads/midi/christmas we_three_kings.mid
